/*C22*/SET SCHEMA PUBLIC
INSERT INTO BANK VALUES('7fbc7173-359a-4dee-920e-2c6e26e65b8b','f43b99fd-6278-4d15-99a3-256b77cd6be7')
INSERT INTO CREDIT_OFFERS VALUES('e99dc249-88c3-4931-b89d-b56b8fee90c0','7fbc7173-359a-4dee-920e-2c6e26e65b8b','f43b99fd-6278-4d15-99a3-256b77cd6be7',10000.0E0)
INSERT INTO PAYMENT_SCHEDULES VALUES('129d9577-2f94-4786-b907-c1a4fc840589','e99dc249-88c3-4931-b89d-b56b8fee90c0','2021-03-15 01:10:50.519000',0.0E0,0.0E0,0.0E0,10000.0E0)
COMMIT
INSERT INTO PAYMENT_SCHEDULES VALUES('23035871-dc19-44f4-97ff-9d17a62a8c63','e99dc249-88c3-4931-b89d-b56b8fee90c0','2021-03-15 01:10:55.785000',879.158872300099E0,795.8255389667656E0,83.33333333333334E0,9204.174461033235E0)
COMMIT
INSERT INTO PAYMENT_SCHEDULES VALUES('23948aa1-579e-4ae4-a9fb-7e69ebad80e9','e99dc249-88c3-4931-b89d-b56b8fee90c0','2021-03-15 01:10:56.393000',879.158872300099E0,802.4574184581554E0,76.70145384194362E0,8401.717042575081E0)
COMMIT
/*C23*/SET SCHEMA PUBLIC
INSERT INTO PAYMENT_SCHEDULES VALUES('617b68a1-abb9-4625-b53b-5acb2d99b962','e99dc249-88c3-4931-b89d-b56b8fee90c0','2021-03-15 01:10:57.201000',879.158872300099E0,809.1445636119734E0,70.01430868812568E0,7592.572478963108E0)
COMMIT
/*C22*/INSERT INTO PAYMENT_SCHEDULES VALUES('d9c3fadc-055d-4a29-bedd-3791480498da','e99dc249-88c3-4931-b89d-b56b8fee90c0','2021-03-15 01:10:57.864000',879.158872300099E0,815.8874349754064E0,63.27143732469257E0,6776.685043987702E0)
COMMIT
INSERT INTO PAYMENT_SCHEDULES VALUES('8f57cdfa-5e32-4f43-a779-0f4f043f5f22','e99dc249-88c3-4931-b89d-b56b8fee90c0','2021-03-15 01:10:58.486000',879.158872300099E0,822.6864969335348E0,56.47237536656417E0,5953.998547054167E0)
COMMIT
INSERT INTO PAYMENT_SCHEDULES VALUES('3e7db120-1aed-4522-a56a-1e43acfa40a9','e99dc249-88c3-4931-b89d-b56b8fee90c0','2021-03-15 01:10:59.085000',879.158872300099E0,829.5422177413143E0,49.616654558784724E0,5124.456329312853E0)
COMMIT
INSERT INTO PAYMENT_SCHEDULES VALUES('c99f1707-da74-4fd9-a8ff-396b72aa5e49','e99dc249-88c3-4931-b89d-b56b8fee90c0','2021-03-15 01:10:59.689000',879.158872300099E0,836.4550695558253E0,42.70380274427378E0,4288.0012597570285E0)
COMMIT
/*C23*/INSERT INTO PAYMENT_SCHEDULES VALUES('1455fb16-14d1-4f38-93fe-9b81b0fe36f9','e99dc249-88c3-4931-b89d-b56b8fee90c0','2021-03-15 01:11:00.280000',879.158872300099E0,843.4255284687904E0,35.733343831308574E0,3444.575731288238E0)
COMMIT
/*C22*/INSERT INTO PAYMENT_SCHEDULES VALUES('5d8ac8aa-d4a3-4499-82ca-82e6268538d1','e99dc249-88c3-4931-b89d-b56b8fee90c0','2021-03-15 01:11:01.332000',879.158872300099E0,850.4540745393637E0,28.704797760735318E0,2594.121656748874E0)
COMMIT
INSERT INTO PAYMENT_SCHEDULES VALUES('cbfb006b-eff8-4bed-b23c-de0d1f8119d4','e99dc249-88c3-4931-b89d-b56b8fee90c0','2021-03-15 01:11:02.485000',879.158872300099E0,857.5411918271917E0,21.617680472907285E0,1736.5804649216823E0)
COMMIT
INSERT INTO PAYMENT_SCHEDULES VALUES('09d59c4c-447b-4721-9b4a-12c621442f42','e99dc249-88c3-4931-b89d-b56b8fee90c0','2021-03-15 01:11:03.867000',879.158872300099E0,864.6873684257516E0,14.471503874347352E0,871.8930964959306E0)
COMMIT
INSERT INTO PAYMENT_SCHEDULES VALUES('e0e5d2f6-fb1f-46de-b7c0-f6e217098065','e99dc249-88c3-4931-b89d-b56b8fee90c0','2021-03-15 01:11:05.634000',879.1588723000634E0,871.8930964959306E0,7.265775804132756E0,0.0E0)
COMMIT
DELETE FROM CREDIT_OFFERS WHERE CREDIT_OFFER_ID='e99dc249-88c3-4931-b89d-b56b8fee90c0'
INSERT INTO CREDIT_OFFERS VALUES('e99dc249-88c3-4931-b89d-b56b8fee90c0','7fbc7173-359a-4dee-920e-2c6e26e65b8b','f43b99fd-6278-4d15-99a3-256b77cd6be7',11111.0E0)
DELETE FROM PAYMENT_SCHEDULES WHERE PAYMENT_SCHEDULE_ID='129d9577-2f94-4786-b907-c1a4fc840589'
DELETE FROM PAYMENT_SCHEDULES WHERE PAYMENT_SCHEDULE_ID='23035871-dc19-44f4-97ff-9d17a62a8c63'
DELETE FROM PAYMENT_SCHEDULES WHERE PAYMENT_SCHEDULE_ID='23948aa1-579e-4ae4-a9fb-7e69ebad80e9'
DELETE FROM PAYMENT_SCHEDULES WHERE PAYMENT_SCHEDULE_ID='617b68a1-abb9-4625-b53b-5acb2d99b962'
DELETE FROM PAYMENT_SCHEDULES WHERE PAYMENT_SCHEDULE_ID='d9c3fadc-055d-4a29-bedd-3791480498da'
DELETE FROM PAYMENT_SCHEDULES WHERE PAYMENT_SCHEDULE_ID='8f57cdfa-5e32-4f43-a779-0f4f043f5f22'
DELETE FROM PAYMENT_SCHEDULES WHERE PAYMENT_SCHEDULE_ID='3e7db120-1aed-4522-a56a-1e43acfa40a9'
DELETE FROM PAYMENT_SCHEDULES WHERE PAYMENT_SCHEDULE_ID='c99f1707-da74-4fd9-a8ff-396b72aa5e49'
DELETE FROM PAYMENT_SCHEDULES WHERE PAYMENT_SCHEDULE_ID='1455fb16-14d1-4f38-93fe-9b81b0fe36f9'
DELETE FROM PAYMENT_SCHEDULES WHERE PAYMENT_SCHEDULE_ID='5d8ac8aa-d4a3-4499-82ca-82e6268538d1'
DELETE FROM PAYMENT_SCHEDULES WHERE PAYMENT_SCHEDULE_ID='cbfb006b-eff8-4bed-b23c-de0d1f8119d4'
DELETE FROM PAYMENT_SCHEDULES WHERE PAYMENT_SCHEDULE_ID='09d59c4c-447b-4721-9b4a-12c621442f42'
DELETE FROM PAYMENT_SCHEDULES WHERE PAYMENT_SCHEDULE_ID='e0e5d2f6-fb1f-46de-b7c0-f6e217098065'
INSERT INTO PAYMENT_SCHEDULES VALUES('7c5b0276-4f9c-44dd-a3d6-6c8202bfa5ad','e99dc249-88c3-4931-b89d-b56b8fee90c0','2021-03-15 01:11:53.464000',0.0E0,0.0E0,0.0E0,11111.0E0)
COMMIT
INSERT INTO PAYMENT_SCHEDULES VALUES('a095940f-0886-4570-94ed-db5d190aec98','e99dc249-88c3-4931-b89d-b56b8fee90c0','2021-03-15 01:11:59.877000',976.83342301264E0,884.2417563459733E0,92.59166666666665E0,10226.758243654027E0)
COMMIT
INSERT INTO PAYMENT_SCHEDULES VALUES('89038819-d2ad-4a8b-a8b3-d45e7485c2f4','e99dc249-88c3-4931-b89d-b56b8fee90c0','2021-03-15 01:12:00.463000',976.83342301264E0,891.6104376488564E0,85.22298536378355E0,9335.14780600517E0)
COMMIT
INSERT INTO PAYMENT_SCHEDULES VALUES('854660c2-a171-411a-942b-4249481da2be','e99dc249-88c3-4931-b89d-b56b8fee90c0','2021-03-15 01:12:01.152000',976.83342301264E0,899.0405246292636E0,77.79289838337641E0,8436.107281375907E0)
COMMIT
INSERT INTO PAYMENT_SCHEDULES VALUES('34902cdf-2f7b-40a7-a287-8a43b2aa0893','e99dc249-88c3-4931-b89d-b56b8fee90c0','2021-03-15 01:12:01.740000',976.83342301264E0,906.5325290011741E0,70.30089401146589E0,7529.574752374733E0)
COMMIT
INSERT INTO PAYMENT_SCHEDULES VALUES('4d098f7f-3654-42ce-8f74-8998975aac1e','e99dc249-88c3-4931-b89d-b56b8fee90c0','2021-03-15 01:12:02.333000',976.83342301264E0,914.0869667428506E0,62.74645626978944E0,6615.487785631883E0)
COMMIT
INSERT INTO PAYMENT_SCHEDULES VALUES('cca6f5e6-07e7-4b66-8564-a11c1a53795e','e99dc249-88c3-4931-b89d-b56b8fee90c0','2021-03-15 01:12:02.914000',976.83342301264E0,921.7043581323743E0,55.12906488026569E0,5693.783427499508E0)
COMMIT
INSERT INTO PAYMENT_SCHEDULES VALUES('f9cf40e0-dc02-4f13-8601-535da3c25253','e99dc249-88c3-4931-b89d-b56b8fee90c0','2021-03-15 01:12:03.396000',976.83342301264E0,929.3852277834774E0,47.44819522916257E0,4764.398199716031E0)
COMMIT
INSERT INTO PAYMENT_SCHEDULES VALUES('a575d80b-7ba2-4ff8-990c-40d59acb65bb','e99dc249-88c3-4931-b89d-b56b8fee90c0','2021-03-15 01:12:03.979000',976.83342301264E0,937.1301046816731E0,39.70331833096693E0,3827.2680950343574E0)
COMMIT
INSERT INTO PAYMENT_SCHEDULES VALUES('7c95296c-69fe-48fe-a3e6-a36ff1e6f7f4','e99dc249-88c3-4931-b89d-b56b8fee90c0','2021-03-15 01:12:04.877000',976.83342301264E0,944.939522220687E0,31.89390079195298E0,2882.3285728136702E0)
COMMIT
INSERT INTO PAYMENT_SCHEDULES VALUES('40c2536e-160a-4a83-b3e3-c2a08900825e','e99dc249-88c3-4931-b89d-b56b8fee90c0','2021-03-15 01:12:05.926000',976.83342301264E0,952.8140182391927E0,24.01940477344725E0,1929.5145545744774E0)
COMMIT
INSERT INTO PAYMENT_SCHEDULES VALUES('03c45885-a474-4cc1-92d7-25ce2068ff71','e99dc249-88c3-4931-b89d-b56b8fee90c0','2021-03-15 01:12:07.306000',976.83342301264E0,960.7541350578526E0,16.07928795478731E0,968.7604195166248E0)
COMMIT
INSERT INTO PAYMENT_SCHEDULES VALUES('25b307b4-afaa-47a6-872a-70eeab10a8db','e99dc249-88c3-4931-b89d-b56b8fee90c0','2021-03-15 01:12:09.036000',976.8334230125967E0,968.7604195166248E0,8.073003495971873E0,0.0E0)
COMMIT
DELETE FROM CLIENTS WHERE CLIENT_ID='ecaf8908-0919-4355-9aac-d2ad62583d2d'
INSERT INTO CLIENTS VALUES('ecaf8908-0919-4355-9aac-d2ad62583d2d','\u041d\u0438\u043a\u043e\u043b\u0430\u0439','\u0415\u0432\u0441\u044e\u043a\u043e\u0432','\u0410\u043d\u0434\u0440\u0435\u0435\u0432\u0438\u0447','42323232323','apsfsa@mai.ru',222222)
COMMIT
DELETE FROM CREDITS WHERE CREDIT_ID='f43b99fd-6278-4d15-99a3-256b77cd6be7'
INSERT INTO CREDITS VALUES('f43b99fd-6278-4d15-99a3-256b77cd6be7','\u041b\u0443\u0447\u0448\u0438\u0439',100000,10.0E0)
COMMIT
INSERT INTO CREDITS VALUES('718c8a3b-d71f-4913-b217-b204a6f78c64','\u0421\u0442\u0430\u043d\u0434\u0430\u0440\u0442\u043d\u044b\u0439',1000000,10.0E0)
COMMIT
DELETE FROM BANK WHERE CLIENT_ID='7fbc7173-359a-4dee-920e-2c6e26e65b8b' AND CREDIT_ID='f43b99fd-6278-4d15-99a3-256b77cd6be7'
DELETE FROM CREDIT_OFFERS WHERE CREDIT_OFFER_ID='e99dc249-88c3-4931-b89d-b56b8fee90c0'
DELETE FROM PAYMENT_SCHEDULES WHERE PAYMENT_SCHEDULE_ID='7c5b0276-4f9c-44dd-a3d6-6c8202bfa5ad'
DELETE FROM PAYMENT_SCHEDULES WHERE PAYMENT_SCHEDULE_ID='a095940f-0886-4570-94ed-db5d190aec98'
DELETE FROM PAYMENT_SCHEDULES WHERE PAYMENT_SCHEDULE_ID='89038819-d2ad-4a8b-a8b3-d45e7485c2f4'
DELETE FROM PAYMENT_SCHEDULES WHERE PAYMENT_SCHEDULE_ID='854660c2-a171-411a-942b-4249481da2be'
DELETE FROM PAYMENT_SCHEDULES WHERE PAYMENT_SCHEDULE_ID='34902cdf-2f7b-40a7-a287-8a43b2aa0893'
DELETE FROM PAYMENT_SCHEDULES WHERE PAYMENT_SCHEDULE_ID='4d098f7f-3654-42ce-8f74-8998975aac1e'
DELETE FROM PAYMENT_SCHEDULES WHERE PAYMENT_SCHEDULE_ID='cca6f5e6-07e7-4b66-8564-a11c1a53795e'
DELETE FROM PAYMENT_SCHEDULES WHERE PAYMENT_SCHEDULE_ID='f9cf40e0-dc02-4f13-8601-535da3c25253'
DELETE FROM PAYMENT_SCHEDULES WHERE PAYMENT_SCHEDULE_ID='a575d80b-7ba2-4ff8-990c-40d59acb65bb'
DELETE FROM PAYMENT_SCHEDULES WHERE PAYMENT_SCHEDULE_ID='7c95296c-69fe-48fe-a3e6-a36ff1e6f7f4'
DELETE FROM PAYMENT_SCHEDULES WHERE PAYMENT_SCHEDULE_ID='40c2536e-160a-4a83-b3e3-c2a08900825e'
DELETE FROM PAYMENT_SCHEDULES WHERE PAYMENT_SCHEDULE_ID='03c45885-a474-4cc1-92d7-25ce2068ff71'
DELETE FROM PAYMENT_SCHEDULES WHERE PAYMENT_SCHEDULE_ID='25b307b4-afaa-47a6-872a-70eeab10a8db'
COMMIT
INSERT INTO BANK VALUES('7fbc7173-359a-4dee-920e-2c6e26e65b8b','f43b99fd-6278-4d15-99a3-256b77cd6be7')
INSERT INTO CREDIT_OFFERS VALUES('593c5926-1149-439e-a9fb-26f4267e161b','7fbc7173-359a-4dee-920e-2c6e26e65b8b','f43b99fd-6278-4d15-99a3-256b77cd6be7',1000.0E0)
INSERT INTO PAYMENT_SCHEDULES VALUES('6aa25719-ed71-41a0-a832-df6864493f3c','593c5926-1149-439e-a9fb-26f4267e161b','2021-03-15 01:34:50.927000',0.0E0,0.0E0,0.0E0,1000.0E0)
COMMIT
INSERT INTO PAYMENT_SCHEDULES VALUES('4f6b12f7-8783-4066-a691-ff5335c8ec3e','593c5926-1149-439e-a9fb-26f4267e161b','2021-03-15 01:34:59.496000',87.9158872300099E0,79.58255389667657E0,8.333333333333332E0,920.4174461033234E0)
COMMIT
/*C23*/INSERT INTO PAYMENT_SCHEDULES VALUES('44e316a4-4e34-4d8d-aa04-7d16b8809415','593c5926-1149-439e-a9fb-26f4267e161b','2021-03-15 01:35:04.928000',87.9158872300099E0,80.24574184581554E0,7.670145384194361E0,840.1717042575079E0)
COMMIT
/*C22*/INSERT INTO PAYMENT_SCHEDULES VALUES('24f4a959-29b1-4666-8022-9bee4e3cc7a5','593c5926-1149-439e-a9fb-26f4267e161b','2021-03-15 01:36:01.444000',87.9158872300099E0,80.91445636119734E0,7.001430868812566E0,759.2572478963107E0)
COMMIT
INSERT INTO PAYMENT_SCHEDULES VALUES('f1bef359-084f-40a5-baa9-5fad7eee05eb','593c5926-1149-439e-a9fb-26f4267e161b','2021-03-15 01:36:02.997000',87.9158872300099E0,81.58874349754065E0,6.327143732469255E0,677.66850439877E0)
COMMIT
INSERT INTO PAYMENT_SCHEDULES VALUES('88c8497a-84ff-4a95-8945-5d66ce5aa74a','593c5926-1149-439e-a9fb-26f4267e161b','2021-03-15 01:36:03.969000',87.9158872300099E0,82.26864969335348E0,5.647237536656417E0,595.3998547054165E0)
COMMIT
INSERT INTO PAYMENT_SCHEDULES VALUES('34e99259-640a-4912-9399-152da9589f46','593c5926-1149-439e-a9fb-26f4267e161b','2021-03-15 01:36:07.801000',87.9158872300099E0,82.95422177413143E0,4.961665455878471E0,512.4456329312851E0)
COMMIT
INSERT INTO PAYMENT_SCHEDULES VALUES('1ee973b4-0fb4-4891-831d-6fbfccfef887','593c5926-1149-439e-a9fb-26f4267e161b','2021-03-15 01:36:09.427000',87.9158872300099E0,83.64550695558252E0,4.270380274427376E0,428.8001259757026E0)
COMMIT
INSERT INTO PAYMENT_SCHEDULES VALUES('1ebb9c08-949e-44ba-98e3-1d73ff9bb85e','593c5926-1149-439e-a9fb-26f4267e161b','2021-03-15 01:36:11.393000',87.9158872300099E0,84.34255284687904E0,3.5733343831308555E0,344.4575731288235E0)
COMMIT
INSERT INTO PAYMENT_SCHEDULES VALUES('8456a5f7-914b-4054-96f3-3f8089a0d2b5','593c5926-1149-439e-a9fb-26f4267e161b','2021-03-15 01:36:12.430000',87.9158872300099E0,85.04540745393638E0,2.8704797760735294E0,259.41216567488715E0)
COMMIT
INSERT INTO PAYMENT_SCHEDULES VALUES('dd68f187-d2dd-4809-a3aa-b4e73dd4d190','593c5926-1149-439e-a9fb-26f4267e161b','2021-03-15 01:36:13.861000',87.9158872300099E0,85.75411918271918E0,2.1617680472907264E0,173.65804649216798E0)
COMMIT
INSERT INTO PAYMENT_SCHEDULES VALUES('e715186e-672f-4805-a16e-116590103ed6','593c5926-1149-439e-a9fb-26f4267e161b','2021-03-15 01:36:16.573000',87.9158872300099E0,86.46873684257517E0,1.4471503874347331E0,87.18930964959281E0)
COMMIT
INSERT INTO PAYMENT_SCHEDULES VALUES('918199a4-2ca1-454f-8cae-7ca892df076d','593c5926-1149-439e-a9fb-26f4267e161b','2021-03-15 01:36:18.220000',87.91588723000609E0,87.18930964959281E0,0.7265775804132734E0,0.0E0)
COMMIT
DELETE FROM CREDITS WHERE CREDIT_ID='f43b99fd-6278-4d15-99a3-256b77cd6be7'
DELETE FROM BANK WHERE CLIENT_ID='ecaf8908-0919-4355-9aac-d2ad62583d2d' AND CREDIT_ID='f43b99fd-6278-4d15-99a3-256b77cd6be7'
DELETE FROM BANK WHERE CLIENT_ID='1327a40d-0c0d-4dfe-9852-16619e58db89' AND CREDIT_ID='f43b99fd-6278-4d15-99a3-256b77cd6be7'
DELETE FROM BANK WHERE CLIENT_ID='27b11cfd-5d73-4077-a6cd-b7fe2a3e25c9' AND CREDIT_ID='f43b99fd-6278-4d15-99a3-256b77cd6be7'
DELETE FROM BANK WHERE CLIENT_ID='7fbc7173-359a-4dee-920e-2c6e26e65b8b' AND CREDIT_ID='f43b99fd-6278-4d15-99a3-256b77cd6be7'
DELETE FROM CREDIT_OFFERS WHERE CREDIT_OFFER_ID='7772e689-f4d2-43df-8d42-a79af97e1d0a'
DELETE FROM PAYMENT_SCHEDULES WHERE PAYMENT_SCHEDULE_ID='af159cfd-26ac-4f92-86de-fce8676c54d7'
DELETE FROM PAYMENT_SCHEDULES WHERE PAYMENT_SCHEDULE_ID='f5cda6ef-2dc2-4d65-bc96-136041fe4bd1'
DELETE FROM PAYMENT_SCHEDULES WHERE PAYMENT_SCHEDULE_ID='50d454c3-2663-4e73-bc16-2431ebd681ad'
DELETE FROM PAYMENT_SCHEDULES WHERE PAYMENT_SCHEDULE_ID='d4dd0e1b-fea8-4996-ad0c-634fc2171bef'
DELETE FROM PAYMENT_SCHEDULES WHERE PAYMENT_SCHEDULE_ID='e56fb803-3c66-42e4-a28e-42a137dee439'
DELETE FROM PAYMENT_SCHEDULES WHERE PAYMENT_SCHEDULE_ID='935b9a0e-c4b0-4362-94c7-fd63f77c30d9'
DELETE FROM PAYMENT_SCHEDULES WHERE PAYMENT_SCHEDULE_ID='758529dd-bc06-4421-aac7-9d95f38c83d4'
DELETE FROM PAYMENT_SCHEDULES WHERE PAYMENT_SCHEDULE_ID='dbfeb3b1-6b0b-4ff9-9f55-515c28758b13'
DELETE FROM PAYMENT_SCHEDULES WHERE PAYMENT_SCHEDULE_ID='8fe1db0e-0b67-4904-9a8a-4766465b5c5e'
DELETE FROM PAYMENT_SCHEDULES WHERE PAYMENT_SCHEDULE_ID='95190cff-6604-44a4-aeee-a4a590ef59b7'
DELETE FROM PAYMENT_SCHEDULES WHERE PAYMENT_SCHEDULE_ID='949314bc-4568-4280-a988-7fca3badfb64'
DELETE FROM PAYMENT_SCHEDULES WHERE PAYMENT_SCHEDULE_ID='b8a7a8e7-de97-476b-9d1b-caafb584ee24'
DELETE FROM PAYMENT_SCHEDULES WHERE PAYMENT_SCHEDULE_ID='0f7a70eb-c8e3-4217-aad0-4c685fac7463'
DELETE FROM CREDIT_OFFERS WHERE CREDIT_OFFER_ID='6031fbbe-24b9-4700-9bfc-f52ce3cae855'
DELETE FROM PAYMENT_SCHEDULES WHERE PAYMENT_SCHEDULE_ID='20f0d99a-88df-41d2-8565-7076c11ab855'
DELETE FROM PAYMENT_SCHEDULES WHERE PAYMENT_SCHEDULE_ID='bbfbe0e4-c745-4799-a753-5f87dc10bc9b'
DELETE FROM PAYMENT_SCHEDULES WHERE PAYMENT_SCHEDULE_ID='994b633a-7cf1-42f1-b815-5601a0c5c750'
DELETE FROM PAYMENT_SCHEDULES WHERE PAYMENT_SCHEDULE_ID='5f11218d-2eea-459a-a211-331a18212d18'
DELETE FROM PAYMENT_SCHEDULES WHERE PAYMENT_SCHEDULE_ID='5e27b4cf-2190-4e7a-b694-d07ae477590d'
DELETE FROM PAYMENT_SCHEDULES WHERE PAYMENT_SCHEDULE_ID='94a4f09c-6cb5-42e8-88c4-ea20c8529807'
DELETE FROM PAYMENT_SCHEDULES WHERE PAYMENT_SCHEDULE_ID='a240dae3-f70c-40ee-a135-6da0de3b04d5'
DELETE FROM PAYMENT_SCHEDULES WHERE PAYMENT_SCHEDULE_ID='5afafa77-e203-4f61-9409-df2255064d72'
DELETE FROM PAYMENT_SCHEDULES WHERE PAYMENT_SCHEDULE_ID='fe8c677e-18ba-4bb3-8ac5-006e38edd7be'
DELETE FROM PAYMENT_SCHEDULES WHERE PAYMENT_SCHEDULE_ID='25b4f439-7df6-49a5-a09b-22ca24ec2557'
DELETE FROM PAYMENT_SCHEDULES WHERE PAYMENT_SCHEDULE_ID='d9093cd4-bc21-4da5-9299-4c093d4d896c'
DELETE FROM PAYMENT_SCHEDULES WHERE PAYMENT_SCHEDULE_ID='0390933b-d4f9-4cfc-8bba-8b2d9ab698de'
DELETE FROM PAYMENT_SCHEDULES WHERE PAYMENT_SCHEDULE_ID='1e2955c3-c6de-40a7-b52c-074a1c7e783f'
DELETE FROM CREDIT_OFFERS WHERE CREDIT_OFFER_ID='67d7af99-5374-43c8-a7f1-7de64168aa1a'
DELETE FROM PAYMENT_SCHEDULES WHERE PAYMENT_SCHEDULE_ID='f3339ee2-ba33-47c7-b204-5bed0fc1afb6'
DELETE FROM PAYMENT_SCHEDULES WHERE PAYMENT_SCHEDULE_ID='8090b749-136c-431a-88e8-9dd439e89e98'
DELETE FROM PAYMENT_SCHEDULES WHERE PAYMENT_SCHEDULE_ID='62387bd2-d760-4c06-958d-e005c7959d01'
DELETE FROM PAYMENT_SCHEDULES WHERE PAYMENT_SCHEDULE_ID='473048f5-f9aa-4c32-aca5-db9d75245436'
DELETE FROM PAYMENT_SCHEDULES WHERE PAYMENT_SCHEDULE_ID='3a28b414-53e6-4cdc-a146-6217d00e8af6'
DELETE FROM PAYMENT_SCHEDULES WHERE PAYMENT_SCHEDULE_ID='dadb3890-db58-4b2e-b3f5-48960c863fe7'
DELETE FROM PAYMENT_SCHEDULES WHERE PAYMENT_SCHEDULE_ID='60df57f1-b17c-42c1-afd8-0c87e2306c06'
DELETE FROM PAYMENT_SCHEDULES WHERE PAYMENT_SCHEDULE_ID='c0bdeed8-ca4c-45f6-b363-8a6578031b4e'
DELETE FROM PAYMENT_SCHEDULES WHERE PAYMENT_SCHEDULE_ID='8a1bfad6-2967-4d02-bab8-88835f54e12e'
DELETE FROM PAYMENT_SCHEDULES WHERE PAYMENT_SCHEDULE_ID='f5a6bc25-6aa9-4893-b4a6-8f9cab9e84a5'
DELETE FROM PAYMENT_SCHEDULES WHERE PAYMENT_SCHEDULE_ID='9f2723ac-21bc-4b0d-bc37-6b799ada2fdd'
DELETE FROM PAYMENT_SCHEDULES WHERE PAYMENT_SCHEDULE_ID='ef31e36d-7239-4cae-a57e-8b538c1016d2'
DELETE FROM PAYMENT_SCHEDULES WHERE PAYMENT_SCHEDULE_ID='4fb332a1-a613-4e66-9246-d7d5a889a575'
DELETE FROM CREDIT_OFFERS WHERE CREDIT_OFFER_ID='593c5926-1149-439e-a9fb-26f4267e161b'
DELETE FROM PAYMENT_SCHEDULES WHERE PAYMENT_SCHEDULE_ID='6aa25719-ed71-41a0-a832-df6864493f3c'
DELETE FROM PAYMENT_SCHEDULES WHERE PAYMENT_SCHEDULE_ID='4f6b12f7-8783-4066-a691-ff5335c8ec3e'
DELETE FROM PAYMENT_SCHEDULES WHERE PAYMENT_SCHEDULE_ID='44e316a4-4e34-4d8d-aa04-7d16b8809415'
DELETE FROM PAYMENT_SCHEDULES WHERE PAYMENT_SCHEDULE_ID='24f4a959-29b1-4666-8022-9bee4e3cc7a5'
DELETE FROM PAYMENT_SCHEDULES WHERE PAYMENT_SCHEDULE_ID='f1bef359-084f-40a5-baa9-5fad7eee05eb'
DELETE FROM PAYMENT_SCHEDULES WHERE PAYMENT_SCHEDULE_ID='88c8497a-84ff-4a95-8945-5d66ce5aa74a'
DELETE FROM PAYMENT_SCHEDULES WHERE PAYMENT_SCHEDULE_ID='34e99259-640a-4912-9399-152da9589f46'
DELETE FROM PAYMENT_SCHEDULES WHERE PAYMENT_SCHEDULE_ID='1ee973b4-0fb4-4891-831d-6fbfccfef887'
DELETE FROM PAYMENT_SCHEDULES WHERE PAYMENT_SCHEDULE_ID='1ebb9c08-949e-44ba-98e3-1d73ff9bb85e'
DELETE FROM PAYMENT_SCHEDULES WHERE PAYMENT_SCHEDULE_ID='8456a5f7-914b-4054-96f3-3f8089a0d2b5'
DELETE FROM PAYMENT_SCHEDULES WHERE PAYMENT_SCHEDULE_ID='dd68f187-d2dd-4809-a3aa-b4e73dd4d190'
DELETE FROM PAYMENT_SCHEDULES WHERE PAYMENT_SCHEDULE_ID='e715186e-672f-4805-a16e-116590103ed6'
DELETE FROM PAYMENT_SCHEDULES WHERE PAYMENT_SCHEDULE_ID='918199a4-2ca1-454f-8cae-7ca892df076d'
COMMIT
INSERT INTO BANK VALUES('1327a40d-0c0d-4dfe-9852-16619e58db89','718c8a3b-d71f-4913-b217-b204a6f78c64')
INSERT INTO CREDIT_OFFERS VALUES('b665bb4b-bbdb-463a-83b6-0b27b3b0ce8b','1327a40d-0c0d-4dfe-9852-16619e58db89','718c8a3b-d71f-4913-b217-b204a6f78c64',1000.0E0)
INSERT INTO PAYMENT_SCHEDULES VALUES('f81483d2-f6ae-4d25-8d19-a94d15fecf69','b665bb4b-bbdb-463a-83b6-0b27b3b0ce8b','2021-03-15 01:37:12.846000',0.0E0,0.0E0,0.0E0,1000.0E0)
COMMIT
INSERT INTO PAYMENT_SCHEDULES VALUES('6a5f9441-bcfb-4307-8aff-0322151d9148','b665bb4b-bbdb-463a-83b6-0b27b3b0ce8b','2021-03-15 01:37:18.404000',87.9158872300099E0,79.58255389667657E0,8.333333333333332E0,920.4174461033234E0)
COMMIT
INSERT INTO PAYMENT_SCHEDULES VALUES('8fee1644-9e5a-4f19-9e2f-2e5f18e42622','b665bb4b-bbdb-463a-83b6-0b27b3b0ce8b','2021-03-15 01:37:19.216000',87.9158872300099E0,80.24574184581554E0,7.670145384194361E0,840.1717042575079E0)
COMMIT
INSERT INTO PAYMENT_SCHEDULES VALUES('c55d17dd-b6e8-4e86-9dbf-ea030c8e60e5','b665bb4b-bbdb-463a-83b6-0b27b3b0ce8b','2021-03-15 01:37:19.942000',87.9158872300099E0,80.91445636119734E0,7.001430868812566E0,759.2572478963107E0)
COMMIT
/*C23*/INSERT INTO PAYMENT_SCHEDULES VALUES('ec6dd842-6373-480d-b3b4-ae3f29a17f3f','b665bb4b-bbdb-463a-83b6-0b27b3b0ce8b','2021-03-15 01:37:22.664000',87.9158872300099E0,81.58874349754065E0,6.327143732469255E0,677.66850439877E0)
COMMIT
/*C22*/INSERT INTO PAYMENT_SCHEDULES VALUES('e8dcab60-ed3d-43c6-9d16-db730536c027','b665bb4b-bbdb-463a-83b6-0b27b3b0ce8b','2021-03-15 01:37:23.393000',87.9158872300099E0,82.26864969335348E0,5.647237536656417E0,595.3998547054165E0)
COMMIT
INSERT INTO PAYMENT_SCHEDULES VALUES('7fd67747-05e0-4bee-b9aa-43ce3b440703','b665bb4b-bbdb-463a-83b6-0b27b3b0ce8b','2021-03-15 01:37:24.028000',87.9158872300099E0,82.95422177413143E0,4.961665455878471E0,512.4456329312851E0)
COMMIT
INSERT INTO PAYMENT_SCHEDULES VALUES('009da565-cdc7-4db1-8022-60c1ea509f81','b665bb4b-bbdb-463a-83b6-0b27b3b0ce8b','2021-03-15 01:37:24.703000',87.9158872300099E0,83.64550695558252E0,4.270380274427376E0,428.8001259757026E0)
COMMIT
INSERT INTO PAYMENT_SCHEDULES VALUES('0e9a01c5-b931-4348-9343-e56088a85dad','b665bb4b-bbdb-463a-83b6-0b27b3b0ce8b','2021-03-15 01:37:25.359000',87.9158872300099E0,84.34255284687904E0,3.5733343831308555E0,344.4575731288235E0)
COMMIT
/*C23*/INSERT INTO PAYMENT_SCHEDULES VALUES('b58868b7-3bfb-4391-a727-9c320063ef14','b665bb4b-bbdb-463a-83b6-0b27b3b0ce8b','2021-03-15 01:37:25.925000',87.9158872300099E0,85.04540745393638E0,2.8704797760735294E0,259.41216567488715E0)
COMMIT
/*C22*/INSERT INTO PAYMENT_SCHEDULES VALUES('b7528283-3e9e-4ba4-8930-bfa33a9997e7','b665bb4b-bbdb-463a-83b6-0b27b3b0ce8b','2021-03-15 01:37:27.185000',87.9158872300099E0,85.75411918271918E0,2.1617680472907264E0,173.65804649216798E0)
COMMIT
INSERT INTO PAYMENT_SCHEDULES VALUES('36140c6f-5080-4c43-bbc1-470971d9d7db','b665bb4b-bbdb-463a-83b6-0b27b3b0ce8b','2021-03-15 01:37:28.497000',87.9158872300099E0,86.46873684257517E0,1.4471503874347331E0,87.18930964959281E0)
COMMIT
INSERT INTO PAYMENT_SCHEDULES VALUES('b7058304-55ac-45ff-9934-4efe01ea434e','b665bb4b-bbdb-463a-83b6-0b27b3b0ce8b','2021-03-15 01:37:29.654000',87.91588723000609E0,87.18930964959281E0,0.7265775804132734E0,0.0E0)
COMMIT
DELETE FROM CLIENTS WHERE CLIENT_ID='1327a40d-0c0d-4dfe-9852-16619e58db89'
INSERT INTO CLIENTS VALUES('1327a40d-0c0d-4dfe-9852-16619e58db89','\u041d\u0438\u043a\u043e\u043b\u0430\u0439','\u0411\u043e\u0431\u0440\u043e\u0432','\u0410\u043d\u0434\u0440\u0435\u0435\u0432\u0438\u0447','89205551123','asfas@mail.ru',416787)
COMMIT
