/*C4*/SET SCHEMA PUBLIC
INSERT INTO CLIENTS VALUES('a5b1e63d-ce30-4f31-98ba-c12d8b2e7ee6','\u041d\u0438\u043a\u043e\u043b\u0430\u0439','\u0415\u0432\u0441\u044e\u043a\u043e\u0432','\u042d\u0434\u0443\u0430\u0440\u0434\u043e\u0432\u0438\u0447','414141241','andr@mail.ru',512525)
COMMIT
INSERT INTO CREDITS VALUES('ed8994e9-d51c-4acf-8908-e8e30afe1101','\u0441\u0442\u0430\u043d\u0434\u0430\u0440\u0442\u043d\u044b\u0439',1000000,10.0E0)
COMMIT
INSERT INTO BANK VALUES('a5b1e63d-ce30-4f31-98ba-c12d8b2e7ee6','ed8994e9-d51c-4acf-8908-e8e30afe1101')
INSERT INTO CREDIT_OFFERS VALUES('0292e169-b662-4382-90ef-0a32367af499','a5b1e63d-ce30-4f31-98ba-c12d8b2e7ee6','ed8994e9-d51c-4acf-8908-e8e30afe1101',100000.0E0)
INSERT INTO PAYMENT_SCHEDULES VALUES('25e670b8-c140-413f-a42b-158e0a565021','0292e169-b662-4382-90ef-0a32367af499','2021-03-11 23:56:31.192000',0.0E0,0.0E0,0.0E0,100000.0E0)
COMMIT
INSERT INTO PAYMENT_SCHEDULES VALUES('bd580fda-4acd-437a-a996-960ef3f41804','0292e169-b662-4382-90ef-0a32367af499','2021-03-11 23:57:06.137000',8791.58872300099E0,7958.255389667657E0,833.3333333333334E0,91208.41127699902E0)
COMMIT
INSERT INTO PAYMENT_SCHEDULES VALUES('455c26cb-81be-4b88-8de5-eee3ffa48783','0292e169-b662-4382-90ef-0a32367af499','2021-03-11 23:57:25.123000',8791.58872300099E0,8031.518629025999E0,760.0700939749918E0,82416.82255399803E0)
COMMIT
INSERT INTO PAYMENT_SCHEDULES VALUES('85df5c95-0543-44b3-9c42-5428b25b52d9','0292e169-b662-4382-90ef-0a32367af499','2021-03-11 23:57:45.414000',8791.58872300099E0,8104.78186838434E0,686.8068546166503E0,73625.23383099705E0)
COMMIT
INSERT INTO PAYMENT_SCHEDULES VALUES('95ee97b2-a113-4121-be5c-3510ae1a3b76','0292e169-b662-4382-90ef-0a32367af499','2021-03-11 23:57:46.557000',8791.58872300099E0,8178.0451077426815E0,613.5436152583087E0,64833.64510799606E0)
COMMIT
INSERT INTO PAYMENT_SCHEDULES VALUES('32beda38-6615-4a6f-8172-210e585b8a4c','0292e169-b662-4382-90ef-0a32367af499','2021-03-11 23:57:47.602000',8791.58872300099E0,8251.308347101023E0,540.2803758999672E0,56042.05638499507E0)
COMMIT
/*C5*/SET SCHEMA PUBLIC
INSERT INTO PAYMENT_SCHEDULES VALUES('704a62c3-4548-4c72-a8ea-ac9e25cdb792','0292e169-b662-4382-90ef-0a32367af499','2021-03-11 23:57:48.554000',8791.58872300099E0,8324.571586459364E0,467.0171365416256E0,47250.46766199408E0)
COMMIT
/*C4*/INSERT INTO PAYMENT_SCHEDULES VALUES('9a7281b5-efac-4810-8311-4d26fbe0a0b6','0292e169-b662-4382-90ef-0a32367af499','2021-03-11 23:57:49.345000',8791.58872300099E0,8397.834825817707E0,393.75389718328404E0,38458.87893899309E0)
COMMIT
INSERT INTO PAYMENT_SCHEDULES VALUES('31e61133-eef0-4d3f-aff4-2244dc53bfbf','0292e169-b662-4382-90ef-0a32367af499','2021-03-11 23:57:50.310000',8791.58872300099E0,8471.098065176047E0,320.4906578249424E0,29667.2902159921E0)
COMMIT
INSERT INTO PAYMENT_SCHEDULES VALUES('a32efb8f-ef4e-4321-ac0a-4d5082e06a75','0292e169-b662-4382-90ef-0a32367af499','2021-03-11 23:57:51.531000',8791.58872300099E0,8544.36130453439E0,247.22741846660082E0,20875.70149299111E0)
COMMIT
INSERT INTO PAYMENT_SCHEDULES VALUES('879f837d-7981-43ee-a503-5d644d6a068d','0292e169-b662-4382-90ef-0a32367af499','2021-03-11 23:57:52.502000',8791.58872300099E0,8617.62454389273E0,173.96417910825923E0,12084.112769990119E0)
COMMIT
INSERT INTO PAYMENT_SCHEDULES VALUES('9d9f4c7c-2a9a-474e-b2c4-6d1258cf3e7c','0292e169-b662-4382-90ef-0a32367af499','2021-03-11 23:57:53.424000',8791.58872300099E0,8690.887783251073E0,100.70093974991765E0,3292.5240469891287E0)
COMMIT
INSERT INTO PAYMENT_SCHEDULES VALUES('d3b5df0c-ef5b-4ead-89e4-2ddd3478a3cf','0292e169-b662-4382-90ef-0a32367af499','2021-03-11 23:57:54.530000',8791.58872300099E0,8764.151022609414E0,27.437700391576072E0,-5499.064676011862E0)
COMMIT
DISCONNECT
/*C8*/SET SCHEMA PUBLIC
DISCONNECT
/*C12*/SET SCHEMA PUBLIC
DISCONNECT
/*C10*/SET SCHEMA PUBLIC
DISCONNECT
/*C11*/SET SCHEMA PUBLIC
DISCONNECT
/*C7*/SET SCHEMA PUBLIC
DISCONNECT
/*C5*/DISCONNECT
/*C9*/SET SCHEMA PUBLIC
DISCONNECT
/*C13*/SET SCHEMA PUBLIC
DISCONNECT
/*C6*/SET SCHEMA PUBLIC
DISCONNECT
/*C16*/SET SCHEMA PUBLIC
DISCONNECT
/*C20*/SET SCHEMA PUBLIC
DISCONNECT
/*C14*/SET SCHEMA PUBLIC
DISCONNECT
/*C15*/SET SCHEMA PUBLIC
DISCONNECT
/*C19*/SET SCHEMA PUBLIC
DISCONNECT
/*C22*/SET SCHEMA PUBLIC
DISCONNECT
/*C17*/SET SCHEMA PUBLIC
DISCONNECT
/*C18*/SET SCHEMA PUBLIC
DISCONNECT
/*C23*/SET SCHEMA PUBLIC
DISCONNECT
/*C21*/SET SCHEMA PUBLIC
DISCONNECT
